<?xml version="1.0" encoding="UTF-8"?>
<robot generator="Robot 7.3.2 (Python 3.13.5 on win32)" generated="2025-08-04T10:17:10.818059" rpa="false" schemaversion="5">
<suite id="s1" name="First-Text" source="D:\EDSON_DISK\GIT\curso-robot\first-text.robot">
<test id="s1-t1" name="Open First Text Page" line="5">
<kw name="Open Browser" owner="SeleniumLibrary">
<msg time="2025-08-04T10:17:11.298787" level="INFO">Opening browser 'Chrome' to base url 'http://localhost:3000/'.</msg>
<msg time="2025-08-04T10:17:18.296479" level="INFO" html="true">&lt;/td&gt;&lt;/tr&gt;&lt;tr&gt;&lt;td colspan="3"&gt;&lt;a href="selenium-screenshot-5.png"&gt;&lt;img src="selenium-screenshot-5.png" width="800px"&gt;&lt;/a&gt;</msg>
<msg time="2025-08-04T10:17:18.296759" level="FAIL">WebDriverException: Message: unknown error: net::ERR_CONNECTION_REFUSED
  (Session info: chrome=138.0.7204.184)
Stacktrace:
	GetHandleVerifier [0x0x7ff7a179e415+77285]
	GetHandleVerifier [0x0x7ff7a179e470+77376]
	(No symbol) [0x0x7ff7a1569a6a]
	(No symbol) [0x0x7ff7a1566823]
	(No symbol) [0x0x7ff7a1557659]
	(No symbol) [0x0x7ff7a1559401]
	(No symbol) [0x0x7ff7a1557976]
	(No symbol) [0x0x7ff7a15573d6]
	(No symbol) [0x0x7ff7a155709a]
	(No symbol) [0x0x7ff7a1554c68]
	(No symbol) [0x0x7ff7a15554ec]
	(No symbol) [0x0x7ff7a156da1a]
	(No symbol) [0x0x7ff7a161167e]
	(No symbol) [0x0x7ff7a15e860a]
	(No symbol) [0x0x7ff7a161087f]
	(No symbol) [0x0x7ff7a15e83e3]
	(No symbol) [0x0x7ff7a15b1521]
	(No symbol) [0x0x7ff7a15b22b3]
	GetHandleVerifier [0x0x7ff7a1a81efd+3107021]
	GetHandleVerifier [0x0x7ff7a1a7c29d+3083373]
	GetHandleVerifier [0x0x7ff7a1a9bedd+3213485]
	GetHandleVerifier [0x0x7ff7a17b884e+184862]
	GetHandleVerifier [0x0x7ff7a17c055f+216879]
	GetHandleVerifier [0x0x7ff7a17a7084+113236]
	GetHandleVerifier [0x0x7ff7a17a7239+113673]
	GetHandleVerifier [0x0x7ff7a178e298+11368]
	BaseThreadInitThunk [0x0x7ffb18ca7374+20]
	RtlUserThreadStart [0x0x7ffb1ac5cc91+33]
</msg>
<arg>url=http://localhost:3000/</arg>
<arg>browser=Chrome</arg>
<doc>Opens a new browser instance to the optional ``url``.</doc>
<status status="FAIL" start="2025-08-04T10:17:11.298200" elapsed="7.003108">WebDriverException: Message: unknown error: net::ERR_CONNECTION_REFUSED
  (Session info: chrome=138.0.7204.184)
Stacktrace:
	GetHandleVerifier [0x0x7ff7a179e415+77285]
	GetHandleVerifier [0x0x7ff7a179e470+77376]
	(No symbol) [0x0x7ff7a1569a6a]
	(No symbol) [0x0x7ff7a1566823]
	(No symbol) [0x0x7ff7a1557659]
	(No symbol) [0x0x7ff7a1559401]
	(No symbol) [0x0x7ff7a1557976]
	(No symbol) [0x0x7ff7a15573d6]
	(No symbol) [0x0x7ff7a155709a]
	(No symbol) [0x0x7ff7a1554c68]
	(No symbol) [0x0x7ff7a15554ec]
	(No symbol) [0x0x7ff7a156da1a]
	(No symbol) [0x0x7ff7a161167e]
	(No symbol) [0x0x7ff7a15e860a]
	(No symbol) [0x0x7ff7a161087f]
	(No symbol) [0x0x7ff7a15e83e3]
	(No symbol) [0x0x7ff7a15b1521]
	(No symbol) [0x0x7ff7a15b22b3]
	GetHandleVerifier [0x0x7ff7a1a81efd+3107021]
	GetHandleVerifier [0x0x7ff7a1a7c29d+3083373]
	GetHandleVerifier [0x0x7ff7a1a9bedd+3213485]
	GetHandleVerifier [0x0x7ff7a17b884e+184862]
	GetHandleVerifier [0x0x7ff7a17c055f+216879]
	GetHandleVerifier [0x0x7ff7a17a7084+113236]
	GetHandleVerifier [0x0x7ff7a17a7239+113673]
	GetHandleVerifier [0x0x7ff7a178e298+11368]
	BaseThreadInitThunk [0x0x7ffb18ca7374+20]
	RtlUserThreadStart [0x0x7ffb1ac5cc91+33]
</status>
</kw>
<kw name="Maximize Browser Window" owner="SeleniumLibrary">
<doc>Maximizes current browser window.</doc>
<status status="NOT RUN" start="2025-08-04T10:17:18.301839" elapsed="0.000064"/>
</kw>
<status status="FAIL" start="2025-08-04T10:17:11.296682" elapsed="7.005619">WebDriverException: Message: unknown error: net::ERR_CONNECTION_REFUSED
  (Session info: chrome=138.0.7204.184)
Stacktrace:
	GetHandleVerifier [0x0x7ff7a179e415+77285]
	GetHandleVerifier [0x0x7ff7a179e470+77376]
	(No symbol) [0x0x7ff7a1569a6a]
	(No symbol) [0x0x7ff7a1566823]
	(No symbol) [0x0x7ff7a1557659]
	(No symbol) [0x0x7ff7a1559401]
	(No symbol) [0x0x7ff7a1557976]
	(No symbol) [0x0x7ff7a15573d6]
	(No symbol) [0x0x7ff7a155709a]
	(No symbol) [0x0x7ff7a1554c68]
	(No symbol) [0x0x7ff7a15554ec]
	(No symbol) [0x0x7ff7a156da1a]
	(No symbol) [0x0x7ff7a161167e]
	(No symbol) [0x0x7ff7a15e860a]
	(No symbol) [0x0x7ff7a161087f]
	(No symbol) [0x0x7ff7a15e83e3]
	(No symbol) [0x0x7ff7a15b1521]
	(No symbol) [0x0x7ff7a15b22b3]
	GetHandleVerifier [0x0x7ff7a1a81efd+3107021]
	GetHandleVerifier [0x0x7ff7a1a7c29d+3083373]
	GetHandleVerifier [0x0x7ff7a1a9bedd+3213485]
	GetHandleVerifier [0x0x7ff7a17b884e+184862]
	GetHandleVerifier [0x0x7ff7a17c055f+216879]
	GetHandleVerifier [0x0x7ff7a17a7084+113236]
	GetHandleVerifier [0x0x7ff7a17a7239+113673]
	GetHandleVerifier [0x0x7ff7a178e298+11368]
	BaseThreadInitThunk [0x0x7ffb18ca7374+20]
	RtlUserThreadStart [0x0x7ffb1ac5cc91+33]
</status>
</test>
<test id="s1-t2" name="preencher os campos do formularios" line="10">
<kw name="Input Text" owner="SeleniumLibrary">
<msg time="2025-08-04T10:17:18.307459" level="INFO">Typing text 'Edson' into text field 'id:form-nome'.</msg>
<msg time="2025-08-04T10:17:18.420117" level="INFO" html="true">&lt;/td&gt;&lt;/tr&gt;&lt;tr&gt;&lt;td colspan="3"&gt;&lt;a href="selenium-screenshot-6.png"&gt;&lt;img src="selenium-screenshot-6.png" width="800px"&gt;&lt;/a&gt;</msg>
<msg time="2025-08-04T10:17:18.420394" level="FAIL">Element with locator 'id:form-nome' not found.</msg>
<arg>id:form-nome</arg>
<arg>Edson</arg>
<doc>Types the given ``text`` into the text field identified by ``locator``.</doc>
<status status="FAIL" start="2025-08-04T10:17:18.306927" elapsed="0.116589">Element with locator 'id:form-nome' not found.</status>
</kw>
<kw name="Input Text" owner="SeleniumLibrary">
<arg>id:form-cargo</arg>
<arg>Desenvolvedor java</arg>
<doc>Types the given ``text`` into the text field identified by ``locator``.</doc>
<status status="NOT RUN" start="2025-08-04T10:17:18.425630" elapsed="0.000081"/>
</kw>
<kw name="Input Text" owner="SeleniumLibrary">
<arg>id:form-imagem</arg>
<arg>https://picsum.photos/200/300</arg>
<doc>Types the given ``text`` into the text field identified by ``locator``.</doc>
<status status="NOT RUN" start="2025-08-04T10:17:18.426909" elapsed="0.000071"/>
</kw>
<kw name="Click Element" owner="SeleniumLibrary">
<arg>class:lista-suspensa</arg>
<doc>Click the element identified by ``locator``.</doc>
<status status="NOT RUN" start="2025-08-04T10:17:18.427285" elapsed="0.000048"/>
</kw>
<kw name="Click Element" owner="SeleniumLibrary">
<arg>//option[contains(.,'Programação')]</arg>
<doc>Click the element identified by ``locator``.</doc>
<status status="NOT RUN" start="2025-08-04T10:17:18.427737" elapsed="0.000061"/>
</kw>
<kw name="Sleep" owner="BuiltIn">
<arg>10s</arg>
<doc>Pauses the test executed for the given time.</doc>
<status status="NOT RUN" start="2025-08-04T10:17:18.428168" elapsed="0.000054"/>
</kw>
<kw name="Click Element" owner="SeleniumLibrary">
<arg>id:form-botao</arg>
<doc>Click the element identified by ``locator``.</doc>
<status status="NOT RUN" start="2025-08-04T10:17:18.428626" elapsed="0.000060"/>
</kw>
<kw name="Element Should Be Visible" owner="SeleniumLibrary">
<arg>class:colaborador</arg>
<doc>Verifies that the element identified by ``locator`` is visible.</doc>
<status status="NOT RUN" start="2025-08-04T10:17:18.428981" elapsed="0.000043"/>
</kw>
<kw name="Sleep" owner="BuiltIn">
<arg>5s</arg>
<doc>Pauses the test executed for the given time.</doc>
<status status="NOT RUN" start="2025-08-04T10:17:18.429273" elapsed="0.000043"/>
</kw>
<status status="FAIL" start="2025-08-04T10:17:18.306334" elapsed="0.123667">Element with locator 'id:form-nome' not found.</status>
</test>
<status status="FAIL" start="2025-08-04T10:17:10.820841" elapsed="7.610498"/>
</suite>
<statistics>
<total>
<stat pass="0" fail="2" skip="0">All Tests</stat>
</total>
<tag>
</tag>
<suite>
<stat name="First-Text" id="s1" pass="0" fail="2" skip="0">First-Text</stat>
</suite>
</statistics>
<errors>
</errors>
</robot>
