<?xml version="1.0" encoding="UTF-8"?>
<robot generator="Robot 7.3.2 (Python 3.13.5 on win32)" generated="2025-08-06T08:21:06.753471" rpa="false" schemaversion="5">
<suite id="s1" name="Modelo" source="D:\EDSON_DISK\GIT\curso-robot\robot\modelo.robot">
<test id="s1-t1" name="Cenário 1: Acessando o site do Robot" line="12">
<kw name="Abrir Site">
<kw name="Open Browser" owner="SeleniumLibrary">
<msg time="2025-08-06T08:21:07.185913" level="INFO">Opening browser 'firefox' to base url 'https://robotframework.org/'.</msg>
<arg>https://robotframework.org/</arg>
<arg>firefox</arg>
<doc>Opens a new browser instance to the optional ``url``.</doc>
<status status="PASS" start="2025-08-06T08:21:07.185621" elapsed="9.769571"/>
</kw>
<status status="PASS" start="2025-08-06T08:21:07.184577" elapsed="9.770839"/>
</kw>
<status status="PASS" start="2025-08-06T08:21:07.183451" elapsed="9.773151"/>
</test>
<status status="PASS" start="2025-08-06T08:21:06.755681" elapsed="10.204610"/>
</suite>
<statistics>
<total>
<stat pass="1" fail="0" skip="0">All Tests</stat>
</total>
<tag>
</tag>
<suite>
<stat name="Modelo" id="s1" pass="1" fail="0" skip="0">Modelo</stat>
</suite>
</statistics>
<errors>
</errors>
</robot>
