<?xml version="1.0" encoding="UTF-8"?>
<robot generator="Robot 7.3.2 (Python 3.13.5 on win32)" generated="2025-08-06T12:51:21.068619" rpa="false" schemaversion="5">
<suite id="s1" name="Preenchimento Incorreto" source="D:\EDSON_DISK\GIT\curso-robot\robot\preenchimento_incorreto.robot">
<test id="s1-t1" line="9">
<status status="FAIL" start="2025-08-06T12:51:21.544041" elapsed="0.000560">Test name cannot be empty.</status>
</test>
<status status="FAIL" start="2025-08-06T12:51:21.070998" elapsed="0.474823"/>
</suite>
<statistics>
<total>
<stat pass="0" fail="1" skip="0">All Tests</stat>
</total>
<tag>
</tag>
<suite>
<stat name="Preenchimento Incorreto" id="s1" pass="0" fail="1" skip="0">Preenchimento Incorreto</stat>
</suite>
</statistics>
<errors>
</errors>
</robot>
